[21:31:14] This is prokka 1.14.6
[21:31:14] Written by Torsten Seemann <torsten.seemann@gmail.com>
[21:31:14] Homepage is https://github.com/tseemann/prokka
[21:31:14] Local time is Thu Dec 22 21:31:14 2022
[21:31:14] You are Nikita.Vaulin
[21:31:14] Operating system is linux
[21:31:14] You have BioPerl 1.7.8
[21:31:14] System has 44 cores.
[21:31:14] Will use maximum of 8 cores.
[21:31:14] Annotating as >>> Bacteria <<<
[21:31:14] Creating new output folder: prokka_prediction
[21:31:14] Running: mkdir -p prokka_prediction
[21:31:14] Using filename prefix: unknown_bacteria.XXX
[21:31:14] Setting HMMER_NCPU=1
[21:31:14] Writing log to: prokka_prediction/unknown_bacteria.log
[21:31:14] Command: /home/Shared/bin/prokka/bin/prokka --kingdom Bacteria --rfam --locustag prokka_ann_rfam --prefix unknown_bacteria --outdir prokka_prediction data/24.fasta
[21:31:14] Appending to PATH: /home/Shared/bin/prokka/bin/../binaries/linux
[21:31:14] Appending to PATH: /home/Shared/bin/prokka/bin/../binaries/linux/../common
[21:31:14] Appending to PATH: /home/Shared/bin/prokka/bin
[21:31:14] Looking for 'aragorn' - found /home/Shared/bin/prokka/bin/../binaries/linux/aragorn
[21:31:14] Determined aragorn version is 001002 from 'ARAGORN v1.2.38 Dean Laslett'
[21:31:14] Looking for 'blastp' - found /home/Shared/bin/prokka/bin/../binaries/linux/blastp
[21:31:14] Determined blastp version is 002009 from 'blastp: 2.9.0+'
[21:31:14] Looking for 'cmpress' - found /home/Shared/bin/prokka/bin/../binaries/linux/cmpress
[21:31:14] Determined cmpress version is 001001 from '# INFERNAL 1.1.2 (July 2016)'
[21:31:14] Looking for 'cmscan' - found /home/Shared/bin/prokka/bin/../binaries/linux/cmscan
[21:31:14] Determined cmscan version is 001001 from '# INFERNAL 1.1.2 (July 2016)'
[21:31:14] Looking for 'egrep' - found /usr/bin/egrep
[21:31:14] Looking for 'find' - found /usr/bin/find
[21:31:14] Looking for 'grep' - found /usr/bin/grep
[21:31:14] Looking for 'hmmpress' - found /home/Shared/bin/hmmpress
[21:31:14] Determined hmmpress version is 003003 from '# HMMER 3.3.2 (Nov 2020); http://hmmer.org/'
[21:31:14] Looking for 'hmmscan' - found /home/Shared/bin/hmmscan
[21:31:14] Determined hmmscan version is 003003 from '# HMMER 3.3.2 (Nov 2020); http://hmmer.org/'
[21:31:14] Looking for 'java' - found /usr/bin/java
[21:31:14] Looking for 'makeblastdb' - found /home/Shared/bin/prokka/bin/../binaries/linux/makeblastdb
[21:31:14] Determined makeblastdb version is 002009 from 'makeblastdb: 2.9.0+'
[21:31:14] Looking for 'minced' - found /home/Shared/bin/prokka/bin/../binaries/linux/../common/minced
[21:31:15] Determined minced version is 002000 from 'minced 0.2.0'
[21:31:15] Looking for 'parallel' - found /home/Shared/bin/prokka/bin/../binaries/linux/../common/parallel
[21:31:15] Determined parallel version is 20150122 from 'GNU parallel 20150122'
[21:31:15] Looking for 'prodigal' - found /home/Shared/tools/Prodigal/prodigal
[21:31:15] Determined prodigal version is 002006 from 'Prodigal V2.6.3: February, 2016'
[21:31:15] Looking for 'prokka-genbank_to_fasta_db' - found /home/Shared/bin/prokka/bin/prokka-genbank_to_fasta_db
[21:31:15] Looking for 'sed' - found /usr/bin/sed
[21:31:15] Looking for 'tbl2asn' - found /home/Shared/bin/prokka/bin/../binaries/linux/tbl2asn
[21:31:15] Determined tbl2asn version is 025008 from 'tbl2asn 25.8   arguments:'
[21:31:15] Using genetic code table 11.
[21:31:15] Loading and checking input file: data/24.fasta
[21:31:15] Wrote 1 contigs totalling 22521 bp.
[21:31:15] Predicting tRNAs and tmRNAs
[21:31:15] Running: aragorn -l -gc11  -w prokka_prediction\/unknown_bacteria\.fna
[21:31:15] Found 0 tRNAs
[21:31:15] Predicting Ribosomal RNAs
[21:31:15] You need either Barrnap or RNAmmer installed to predict rRNAs!
[21:31:15] Scanning for ncRNAs... please be patient.
[21:31:15] Running: cmscan -Z 0.045042 --cut_ga --rfam --nohmmonly --fmt 2 --cpu 8 --tblout /dev/stdout -o /dev/null --noali /home/Shared/bin/prokka/db/cm/Bacteria prokka_prediction\/unknown_bacteria\.fna
[21:31:15] Found 0 ncRNAs.
[21:31:15] Total of 0 tRNA + rRNA features
[21:31:15] Searching for CRISPR repeats
[21:31:15] Found 0 CRISPRs
[21:31:15] Predicting coding sequences
[21:31:15] Contigs total 22521 bp, so using meta mode
[21:31:15] Running: prodigal -i prokka_prediction\/unknown_bacteria\.fna -c -m -g 11 -p meta -f sco -q
[21:31:16] Found 21 CDS
[21:31:16] Connecting features back to sequences
[21:31:16] Not using genus-specific database. Try --usegenus to enable it.
[21:31:16] Annotating CDS, please be patient.
[21:31:16] Will use 8 CPUs for similarity searching.
[21:31:16] There are still 21 unannotated CDS left (started with 21)
[21:31:16] Will use blast to search against /home/Shared/bin/prokka/db/kingdom/Bacteria/IS with 8 CPUs
[21:31:16] Running: cat prokka_prediction\/unknown_bacteria\.IS\.tmp\.3890866\.faa | parallel --gnu --plain -j 8 --block 435 --recstart '>' --pipe blastp -query - -db /home/Shared/bin/prokka/db/kingdom/Bacteria/IS -evalue 1e-30 -qcov_hsp_perc 90 -num_threads 1 -num_descriptions 1 -num_alignments 1 -seg no > prokka_prediction\/unknown_bacteria\.IS\.tmp\.3890866\.blast 2> /dev/null
[21:31:16] Deleting unwanted file: prokka_prediction/unknown_bacteria.IS.tmp.3890866.faa
[21:31:16] Deleting unwanted file: prokka_prediction/unknown_bacteria.IS.tmp.3890866.blast
[21:31:16] There are still 21 unannotated CDS left (started with 21)
[21:31:16] Will use blast to search against /home/Shared/bin/prokka/db/kingdom/Bacteria/AMR with 8 CPUs
[21:31:16] Running: cat prokka_prediction\/unknown_bacteria\.AMR\.tmp\.3890866\.faa | parallel --gnu --plain -j 8 --block 435 --recstart '>' --pipe blastp -query - -db /home/Shared/bin/prokka/db/kingdom/Bacteria/AMR -evalue 9.99999999999999e-301 -qcov_hsp_perc 90 -num_threads 1 -num_descriptions 1 -num_alignments 1 -seg no > prokka_prediction\/unknown_bacteria\.AMR\.tmp\.3890866\.blast 2> /dev/null
[21:31:16] Deleting unwanted file: prokka_prediction/unknown_bacteria.AMR.tmp.3890866.faa
[21:31:16] Deleting unwanted file: prokka_prediction/unknown_bacteria.AMR.tmp.3890866.blast
[21:31:16] There are still 21 unannotated CDS left (started with 21)
[21:31:16] Will use blast to search against /home/Shared/bin/prokka/db/kingdom/Bacteria/sprot with 8 CPUs
[21:31:16] Running: cat prokka_prediction\/unknown_bacteria\.sprot\.tmp\.3890866\.faa | parallel --gnu --plain -j 8 --block 435 --recstart '>' --pipe blastp -query - -db /home/Shared/bin/prokka/db/kingdom/Bacteria/sprot -evalue 1e-09 -qcov_hsp_perc 80 -num_threads 1 -num_descriptions 1 -num_alignments 1 -seg no > prokka_prediction\/unknown_bacteria\.sprot\.tmp\.3890866\.blast 2> /dev/null
[21:31:17] Modify product: Uncharacterized zinc-type alcohol dehydrogenase-like protein YdjJ => putative zinc-type alcohol dehydrogenase-like protein YdjJ
[21:31:17] Cleaned 1 /product names
[21:31:17] Deleting unwanted file: prokka_prediction/unknown_bacteria.sprot.tmp.3890866.faa
[21:31:17] Deleting unwanted file: prokka_prediction/unknown_bacteria.sprot.tmp.3890866.blast
[21:31:17] There are still 13 unannotated CDS left (started with 21)
[21:31:17] Will use hmmer3 to search against /home/Shared/bin/prokka/db/hmm/HAMAP.hmm with 8 CPUs
[21:31:17] Running: cat prokka_prediction\/unknown_bacteria\.HAMAP\.hmm\.tmp\.3890866\.faa | parallel --gnu --plain -j 8 --block 241 --recstart '>' --pipe hmmscan --noali --notextw --acc -E 1e-09 --cpu 1 /home/Shared/bin/prokka/db/hmm/HAMAP.hmm /dev/stdin > prokka_prediction\/unknown_bacteria\.HAMAP\.hmm\.tmp\.3890866\.hmmer3 2> /dev/null
[21:31:17] Deleting unwanted file: prokka_prediction/unknown_bacteria.HAMAP.hmm.tmp.3890866.faa
[21:31:17] Deleting unwanted file: prokka_prediction/unknown_bacteria.HAMAP.hmm.tmp.3890866.hmmer3
[21:31:17] Labelling remaining 9 proteins as 'hypothetical protein'
[21:31:17] Found 11 unique /gene codes.
[21:31:17] Fixed 0 colliding /gene names.
[21:31:17] Adding /locus_tag identifiers
[21:31:17] Assigned 21 locus_tags to CDS and RNA features.
[21:31:17] Writing outputs to prokka_prediction/
[21:31:17] Generating annotation statistics file
[21:31:17] Generating Genbank and Sequin files
[21:31:17] Running: tbl2asn -V b -a r10k -l paired-ends -M n -N 1 -y 'Annotated using prokka 1.14.6 from https://github.com/tseemann/prokka' -Z prokka_prediction\/unknown_bacteria\.err -i prokka_prediction\/unknown_bacteria\.fsa 2> /dev/null
[21:31:17] Deleting unwanted file: prokka_prediction/errorsummary.val
[21:31:17] Deleting unwanted file: prokka_prediction/unknown_bacteria.dr
[21:31:17] Deleting unwanted file: prokka_prediction/unknown_bacteria.fixedproducts
[21:31:17] Deleting unwanted file: prokka_prediction/unknown_bacteria.ecn
[21:31:17] Deleting unwanted file: prokka_prediction/unknown_bacteria.val
[21:31:17] Repairing broken .GBK output that tbl2asn produces...
[21:31:17] Running: sed 's/COORDINATES: profile/COORDINATES:profile/' < prokka_prediction\/unknown_bacteria\.gbf > prokka_prediction\/unknown_bacteria\.gbk
[21:31:17] Deleting unwanted file: prokka_prediction/unknown_bacteria.gbf
[21:31:17] Output files:
[21:31:17] prokka_prediction/unknown_bacteria.txt
[21:31:17] prokka_prediction/unknown_bacteria.sqn
[21:31:17] prokka_prediction/unknown_bacteria.faa
[21:31:17] prokka_prediction/unknown_bacteria.err
[21:31:17] prokka_prediction/unknown_bacteria.fsa
[21:31:17] prokka_prediction/unknown_bacteria.fna
[21:31:17] prokka_prediction/unknown_bacteria.gff
[21:31:17] prokka_prediction/unknown_bacteria.gbk
[21:31:17] prokka_prediction/unknown_bacteria.ffn
[21:31:17] prokka_prediction/unknown_bacteria.tbl
[21:31:17] prokka_prediction/unknown_bacteria.log
[21:31:17] prokka_prediction/unknown_bacteria.tsv
[21:31:17] Annotation finished successfully.
[21:31:17] Walltime used: 0.05 minutes
[21:31:17] If you use this result please cite the Prokka paper:
[21:31:17] Seemann T (2014) Prokka: rapid prokaryotic genome annotation. Bioinformatics. 30(14):2068-9.
[21:31:17] Type 'prokka --citation' for more details.
[21:31:17] Share and enjoy!
